\BOOKMARK [0][-]{chapter*.2}{\376\377\000E\000i\000n\000l\000e\000i\000t\000u\000n\000g}{}% 1
\BOOKMARK [1][-]{section.0.1}{\376\377\000R\000e\000f\000e\000r\000e\000n\000z\000w\000e\000r\000k\000e}{chapter*.2}% 2
\BOOKMARK [1][-]{section.0.2}{\376\377\000L\000e\000g\000e\000n\000d\000e\000\040\000-\000\040\000C\000E\000F\000R\000\040\000N\000i\000v\000e\000a\000u\000s}{chapter*.2}% 3
\BOOKMARK [-1][-]{part.1}{\376\377\000I\000\040\000A\0001\000-\000A\0002\000:\000\040\000G\000r\000u\000n\000d\000l\000a\000g\000e\000n}{}% 4
\BOOKMARK [0][-]{chapter.1}{\376\377\000A\0001\000:\000\040\000G\000r\000u\000n\000d\000l\000a\000g\000e\000n\000\040\000-\000\040\000W\000o\000r\000t\000s\000t\000e\000l\000l\000u\000n\000g}{part.1}% 5
\BOOKMARK [1][-]{section.1.1}{\376\377\000E\000i\000n\000f\000a\000c\000h\000e\000\040\000W\000o\000r\000t\000s\000t\000e\000l\000l\000u\000n\000g}{chapter.1}% 6
\BOOKMARK [0][-]{chapter.2}{\376\377\000A\0001\000:\000\040\000P\000r\000\344\000s\000e\000n\000s\000\040\000d\000e\000r\000\040\000r\000e\000g\000e\000l\000m\000\344\000\337\000i\000g\000e\000n\000\040\000V\000e\000r\000b\000e\000n}{part.1}% 7
\BOOKMARK [1][-]{section.2.1}{\376\377\000K\000o\000n\000j\000u\000g\000a\000t\000i\000o\000n\000\040\000d\000e\000r\000\040\000r\000e\000g\000e\000l\000m\000\344\000\337\000i\000g\000e\000n\000\040\000V\000e\000r\000b\000e\000n}{chapter.2}% 8
\BOOKMARK [0][-]{chapter.3}{\376\377\000A\0001\000:\000\040\000A\000r\000t\000i\000k\000e\000l\000\040\000u\000n\000d\000\040\000N\000o\000m\000e\000n}{part.1}% 9
\BOOKMARK [1][-]{section.3.1}{\376\377\000D\000i\000e\000\040\000d\000r\000e\000i\000\040\000G\000e\000s\000c\000h\000l\000e\000c\000h\000t\000e\000r}{chapter.3}% 10
\BOOKMARK [0][-]{chapter.4}{\376\377\000A\0001\000:\000\040\000P\000e\000r\000f\000e\000k\000t}{part.1}% 11
\BOOKMARK [1][-]{section.4.1}{\376\377\000B\000i\000l\000d\000u\000n\000g\000\040\000d\000e\000s\000\040\000P\000e\000r\000f\000e\000k\000t}{chapter.4}% 12
\BOOKMARK [1][-]{section.4.2}{\376\377\000P\000a\000r\000t\000i\000z\000i\000p\000\040\000I\000I\000\040\000d\000e\000r\000\040\000r\000e\000g\000e\000l\000m\000\344\000\337\000i\000g\000e\000n\000\040\000V\000e\000r\000b\000e\000n}{chapter.4}% 13
\BOOKMARK [1][-]{section.4.3}{\376\377\000P\000e\000r\000f\000e\000k\000t\000\040\000m\000i\000t\000\040\000s\000e\000i\000n}{chapter.4}% 14
\BOOKMARK [-1][-]{part.2}{\376\377\000I\000I\000\040\000B\0001\000:\000\040\000M\000i\000t\000t\000e\000l\000s\000t\000u\000f\000e}{}% 15
\BOOKMARK [0][-]{chapter.5}{\376\377\000B\0001\000:\000\040\000N\000e\000b\000e\000n\000s\000\344\000t\000z\000e\000\040\000m\000i\000t\000\040\000K\000o\000n\000j\000u\000n\000k\000t\000i\000o\000n\000e\000n}{part.2}% 16
\BOOKMARK [1][-]{section.5.1}{\376\377\000K\000a\000u\000s\000a\000l\000s\000\344\000t\000z\000e\000\040\000\050\000G\000r\000u\000n\000d\000\040\000u\000n\000d\000\040\000F\000o\000l\000g\000e\000\051}{chapter.5}% 17
\BOOKMARK [1][-]{section.5.2}{\376\377\000K\000o\000n\000z\000e\000s\000s\000i\000v\000s\000\344\000t\000z\000e\000\040\000\050\000G\000e\000g\000e\000n\000s\000a\000t\000z\000\051}{chapter.5}% 18
\BOOKMARK [1][-]{section.5.3}{\376\377\000T\000e\000m\000p\000o\000r\000a\000l\000s\000\344\000t\000z\000e\000\040\000\050\000Z\000e\000i\000t\000\051}{chapter.5}% 19
\BOOKMARK [1][-]{section.5.4}{\376\377\000K\000o\000n\000d\000i\000t\000i\000o\000n\000a\000l\000s\000\344\000t\000z\000e\000\040\000\050\000B\000e\000d\000i\000n\000g\000u\000n\000g\000\051}{chapter.5}% 20
\BOOKMARK [0][-]{chapter.6}{\376\377\000B\0001\000:\000\040\000P\000a\000s\000s\000i\000v}{part.2}% 21
\BOOKMARK [1][-]{section.6.1}{\376\377\000V\000o\000r\000g\000a\000n\000g\000s\000p\000a\000s\000s\000i\000v}{chapter.6}% 22
\BOOKMARK [1][-]{section.6.2}{\376\377\000Z\000u\000s\000t\000a\000n\000d\000s\000p\000a\000s\000s\000i\000v}{chapter.6}% 23
\BOOKMARK [1][-]{section.6.3}{\376\377\000P\000a\000s\000s\000i\000v\000e\000r\000s\000a\000t\000z}{chapter.6}% 24
\BOOKMARK [1][-]{section.6.4}{\376\377\000\334\000b\000u\000n\000g\000e\000n\000\040\000z\000u\000m\000\040\000P\000a\000s\000s\000i\000v}{chapter.6}% 25
\BOOKMARK [0][-]{chapter.7}{\376\377\000B\0002\000:\000\040\000K\000o\000n\000j\000u\000n\000k\000t\000i\000v\000\040\000I\000I\000\040\000-\000\040\000H\000\366\000f\000l\000i\000c\000h\000k\000e\000i\000t\000\040\000u\000n\000d\000\040\000I\000r\000r\000e\000a\000l\000i\000t\000\344\000t}{part.2}% 26
\BOOKMARK [1][-]{section.7.1}{\376\377\000H\000\366\000f\000l\000i\000c\000h\000e\000\040\000B\000i\000t\000t\000e\000n\000\040\000u\000n\000d\000\040\000W\000\374\000n\000s\000c\000h\000e}{chapter.7}% 27
\BOOKMARK [1][-]{section.7.2}{\376\377\000I\000r\000e\000a\000l\000e\000\040\000B\000e\000d\000i\000n\000g\000u\000n\000g\000s\000s\000\344\000t\000z\000e}{chapter.7}% 28
\BOOKMARK [1][-]{section.7.3}{\376\377\000K\000o\000n\000j\000u\000n\000k\000t\000i\000v\000\040\000I\000I\000\040\000d\000e\000r\000\040\000w\000i\000c\000h\000t\000i\000g\000s\000t\000e\000n\000\040\000V\000e\000r\000b\000e\000n}{chapter.7}% 29
\BOOKMARK [1][-]{section.7.4}{\376\377\000\334\000b\000u\000n\000g\000e\000n\000\040\000z\000u\000m\000\040\000K\000o\000n\000j\000u\000n\000k\000t\000i\000v\000\040\000I\000I}{chapter.7}% 30
\BOOKMARK [0][-]{chapter.8}{\376\377\000C\0001\000:\000\040\000K\000o\000m\000p\000l\000e\000x\000e\000\040\000S\000a\000t\000z\000s\000t\000r\000u\000k\000t\000u\000r\000e\000n}{part.2}% 31
\BOOKMARK [1][-]{section.8.1}{\376\377\000P\000a\000r\000e\000n\000t\000h\000e\000s\000e\000n\000\040\000\050\000E\000i\000n\000s\000c\000h\000\374\000b\000e\000\051}{chapter.8}% 32
\BOOKMARK [1][-]{section.8.2}{\376\377\000A\000t\000t\000r\000i\000b\000u\000t\000i\000v\000e\000\040\000N\000e\000b\000e\000n\000s\000\344\000t\000z\000e}{chapter.8}% 33
\BOOKMARK [1][-]{section.8.3}{\376\377\000I\000n\000f\000i\000n\000i\000t\000i\000v\000g\000r\000u\000p\000p\000e\000n}{chapter.8}% 34
\BOOKMARK [1][-]{section.8.4}{\376\377\000M\000o\000d\000a\000l\000e\000s\000\040\000P\000a\000s\000s\000i\000v}{chapter.8}% 35
\BOOKMARK [0][-]{chapter.9}{\376\377\000D\000e\000k\000l\000i\000n\000a\000t\000i\000o\000n\000\040\000d\000e\000r\000\040\000N\000o\000m\000e\000n}{part.2}% 36
\BOOKMARK [1][-]{section.9.1}{\376\377\000G\000r\000u\000n\000d\000l\000a\000g\000e\000n\000\040\000d\000e\000r\000\040\000K\000a\000s\000u\000s}{chapter.9}% 37
\BOOKMARK [2][-]{subsection.9.1.1}{\376\377\000N\000o\000m\000i\000n\000a\000t\000i\000v\000\040\000\050\000W\000e\000r\000?\000\040\000W\000a\000s\000?\000\051}{section.9.1}% 38
\BOOKMARK [2][-]{subsection.9.1.2}{\376\377\000A\000k\000k\000u\000s\000a\000t\000i\000v\000\040\000\050\000W\000e\000n\000?\000\040\000W\000a\000s\000?\000\051}{section.9.1}% 39
\BOOKMARK [2][-]{subsection.9.1.3}{\376\377\000D\000a\000t\000i\000v\000\040\000\050\000W\000e\000m\000?\000\051}{section.9.1}% 40
\BOOKMARK [2][-]{subsection.9.1.4}{\376\377\000G\000e\000n\000i\000t\000i\000v\000\040\000\050\000W\000e\000s\000s\000e\000n\000?\000\051}{section.9.1}% 41
\BOOKMARK [1][-]{section.9.2}{\376\377\000D\000e\000k\000l\000i\000n\000a\000t\000i\000o\000n\000s\000t\000a\000b\000e\000l\000l\000e\000n}{chapter.9}% 42
\BOOKMARK [2][-]{subsection.9.2.1}{\376\377\000S\000c\000h\000w\000a\000c\000h\000e\000\040\000D\000e\000k\000l\000i\000n\000a\000t\000i\000o\000n\000\040\000\050\000b\000e\000s\000t\000i\000m\000m\000t\000e\000r\000\040\000A\000r\000t\000i\000k\000e\000l\000\051}{section.9.2}% 43
\BOOKMARK [2][-]{subsection.9.2.2}{\376\377\000S\000c\000h\000w\000a\000c\000h\000e\000\040\000D\000e\000k\000l\000i\000n\000a\000t\000i\000o\000n\000\040\000\050\000u\000n\000b\000e\000s\000t\000i\000m\000m\000t\000e\000r\000\040\000A\000r\000t\000i\000k\000e\000l\000\051}{section.9.2}% 44
\BOOKMARK [1][-]{section.9.3}{\376\377\000\334\000b\000u\000n\000g\000e\000n\000\040\000z\000u\000r\000\040\000D\000e\000k\000l\000i\000n\000a\000t\000i\000o\000n}{chapter.9}% 45
\BOOKMARK [1][-]{section.9.4}{\376\377\000E\000r\000w\000e\000i\000t\000e\000r\000t\000e\000\040\000\334\000b\000u\000n\000g\000e\000n\000:\000\040\000K\000a\000s\000u\000s\000b\000e\000s\000t\000i\000m\000m\000u\000n\000g}{chapter.9}% 46
\BOOKMARK [1][-]{section.9.5}{\376\377\000R\000e\000g\000i\000o\000n\000a\000l\000e\000\040\000B\000e\000s\000o\000n\000d\000e\000r\000h\000e\000i\000t\000e\000n}{chapter.9}% 47
\BOOKMARK [2][-]{subsection.9.5.1}{\376\377\000G\000e\000n\000i\000t\000i\000v\000-\000E\000r\000s\000a\000t\000z\000\040\000d\000u\000r\000c\000h\000\040\000v\000o\000n\000\040\000+\000\040\000D\000a\000t\000i\000v}{section.9.5}% 48
\BOOKMARK [1][-]{section.9.6}{\376\377\000L\000\366\000s\000u\000n\000g\000e\000n\000\040\000z\000u\000\040\000d\000e\000n\000\040\000\334\000b\000u\000n\000g\000e\000n}{chapter.9}% 49
\BOOKMARK [0][-]{chapter.10}{\376\377\000A\000r\000t\000i\000k\000e\000l}{part.2}% 50
\BOOKMARK [1][-]{section.10.1}{\376\377\000B\000e\000s\000t\000i\000m\000m\000t\000e\000r\000\040\000A\000r\000t\000i\000k\000e\000l}{chapter.10}% 51
\BOOKMARK [1][-]{section.10.2}{\376\377\000U\000n\000b\000e\000s\000t\000i\000m\000m\000t\000e\000r\000\040\000A\000r\000t\000i\000k\000e\000l}{chapter.10}% 52
\BOOKMARK [1][-]{section.10.3}{\376\377\000N\000u\000l\000l\000a\000r\000t\000i\000k\000e\000l}{chapter.10}% 53
\BOOKMARK [1][-]{section.10.4}{\376\377\000G\000e\000b\000r\000a\000u\000c\000h\000\040\000d\000e\000s\000\040\000A\000r\000t\000i\000k\000e\000l\000s}{chapter.10}% 54
\BOOKMARK [2][-]{subsection.10.4.1}{\376\377\000B\000e\000s\000t\000i\000m\000m\000t\000\040\000v\000s\000.\000\040\000U\000n\000b\000e\000s\000t\000i\000m\000m\000t}{section.10.4}% 55
\BOOKMARK [1][-]{section.10.5}{\376\377\000\334\000b\000u\000n\000g\000e\000n}{chapter.10}% 56
\BOOKMARK [0][-]{chapter.11}{\376\377\000N\000-\000D\000e\000k\000l\000i\000n\000a\000t\000i\000o\000n}{part.2}% 57
\BOOKMARK [1][-]{section.11.1}{\376\377\000N\000o\000m\000e\000n\000\040\000d\000e\000r\000\040\000N\000-\000D\000e\000k\000l\000i\000n\000a\000t\000i\000o\000n}{chapter.11}% 58
\BOOKMARK [2][-]{subsection.11.1.1}{\376\377\000N\000o\000m\000e\000n\000\040\000a\000u\000f\000\040\000-\000e}{section.11.1}% 59
\BOOKMARK [2][-]{subsection.11.1.2}{\376\377\000N\000o\000m\000e\000n\000\040\000a\000u\000f\000\040\000-\000a\000n\000t\000,\000\040\000-\000e\000n\000t\000,\000\040\000-\000i\000s\000t}{section.11.1}% 60
\BOOKMARK [2][-]{subsection.11.1.3}{\376\377\000A\000u\000s\000n\000a\000h\000m\000e\000n\000\040\000\050\000u\000n\000r\000e\000g\000e\000l\000m\000\344\000\337\000i\000g\000e\000\040\000N\000-\000D\000e\000k\000l\000i\000n\000a\000t\000i\000o\000n\000\051}{section.11.1}% 61
\BOOKMARK [1][-]{section.11.2}{\376\377\000D\000e\000k\000l\000i\000n\000a\000t\000i\000o\000n\000s\000t\000a\000b\000e\000l\000l\000e}{chapter.11}% 62
\BOOKMARK [1][-]{section.11.3}{\376\377\000\334\000b\000u\000n\000g\000e\000n\000\040\000z\000u\000r\000\040\000N\000-\000D\000e\000k\000l\000i\000n\000a\000t\000i\000o\000n}{chapter.11}% 63
\BOOKMARK [0][-]{chapter.12}{\376\377\000N\000o\000m\000e\000n\000-\000V\000e\000r\000b\000-\000V\000e\000r\000b\000i\000n\000d\000u\000n\000g\000e\000n}{part.2}% 64
\BOOKMARK [1][-]{section.12.1}{\376\377\000V\000e\000r\000b\000e\000n\000\040\000m\000i\000t\000\040\000A\000k\000k\000u\000s\000a\000t\000i\000v}{chapter.12}% 65
\BOOKMARK [1][-]{section.12.2}{\376\377\000V\000e\000r\000b\000e\000n\000\040\000m\000i\000t\000\040\000D\000a\000t\000i\000v}{chapter.12}% 66
\BOOKMARK [2][-]{subsection.12.2.1}{\376\377\000G\000e\000f\000\374\000h\000l\000s\000v\000e\000r\000b\000e\000n}{section.12.2}% 67
\BOOKMARK [2][-]{subsection.12.2.2}{\376\377\000H\000i\000l\000f\000s\000v\000e\000r\000b\000e\000n}{section.12.2}% 68
\BOOKMARK [2][-]{subsection.12.2.3}{\376\377\000O\000b\000j\000e\000k\000t\000s\000v\000e\000r\000b\000e\000n}{section.12.2}% 69
\BOOKMARK [2][-]{subsection.12.2.4}{\376\377\000E\000m\000p\000f\000i\000n\000d\000u\000n\000g\000s\000v\000e\000r\000b\000e\000n}{section.12.2}% 70
\BOOKMARK [1][-]{section.12.3}{\376\377\000V\000e\000r\000b\000e\000n\000\040\000m\000i\000t\000\040\000D\000a\000t\000i\000v\000\040\000u\000n\000d\000\040\000A\000k\000k\000u\000s\000a\000t\000i\000v}{chapter.12}% 71
\BOOKMARK [1][-]{section.12.4}{\376\377\000V\000e\000r\000b\000e\000n\000\040\000m\000i\000t\000\040\000G\000e\000n\000i\000t\000i\000v}{chapter.12}% 72
\BOOKMARK [1][-]{section.12.5}{\376\377\000\334\000b\000u\000n\000g\000e\000n}{chapter.12}% 73
\BOOKMARK [0][-]{chapter.13}{\376\377\000Z\000e\000i\000t\000f\000o\000r\000m\000e\000n}{part.2}% 74
\BOOKMARK [1][-]{section.13.1}{\376\377\000P\000r\000\344\000s\000e\000n\000s\000\040\000\050\000G\000e\000g\000e\000n\000w\000a\000r\000t\000\051}{chapter.13}% 75
\BOOKMARK [1][-]{section.13.2}{\376\377\000P\000r\000\344\000t\000e\000r\000i\000t\000u\000m\000\040\000\050\000V\000e\000r\000g\000a\000n\000g\000e\000n\000h\000e\000i\000t\000\051}{chapter.13}% 76
\BOOKMARK [1][-]{section.13.3}{\376\377\000P\000e\000r\000f\000e\000k\000t\000\040\000\050\000V\000e\000r\000g\000a\000n\000g\000e\000n\000h\000e\000i\000t\000\051}{chapter.13}% 77
\BOOKMARK [2][-]{subsection.13.3.1}{\376\377\000P\000e\000r\000f\000e\000k\000t\000\040\000m\000i\000t\000\040\000M\000o\000d\000a\000l\000v\000e\000r\000b\000e\000n}{section.13.3}% 78
\BOOKMARK [1][-]{section.13.4}{\376\377\000P\000l\000u\000s\000q\000u\000a\000m\000p\000e\000r\000f\000e\000k\000t\000\040\000\050\000V\000o\000r\000v\000e\000r\000g\000a\000n\000g\000e\000n\000h\000e\000i\000t\000\051}{chapter.13}% 79
\BOOKMARK [1][-]{section.13.5}{\376\377\000F\000u\000t\000u\000r\000\040\000I\000\040\000\050\000Z\000u\000k\000u\000n\000f\000t\000\051}{chapter.13}% 80
\BOOKMARK [1][-]{section.13.6}{\376\377\000F\000u\000t\000u\000r\000\040\000I\000I\000\040\000\050\000Z\000u\000k\000u\000n\000f\000t\000\040\000+\000\040\000A\000b\000g\000e\000s\000c\000h\000l\000o\000s\000s\000e\000n\000\051}{chapter.13}% 81
\BOOKMARK [1][-]{section.13.7}{\376\377\000\334\000b\000u\000n\000g\000e\000n\000\040\000z\000u\000\040\000Z\000e\000i\000t\000f\000o\000r\000m\000e\000n}{chapter.13}% 82
\BOOKMARK [2][-]{subsection.13.7.1}{\376\377\000P\000e\000r\000f\000e\000k\000t\000\040\000m\000i\000t\000\040\000M\000o\000d\000a\000l\000v\000e\000r\000b\000e\000n}{section.13.7}% 83
\BOOKMARK [2][-]{subsection.13.7.2}{\376\377\000P\000l\000u\000s\000q\000u\000a\000m\000p\000e\000r\000f\000e\000k\000t}{section.13.7}% 84
\BOOKMARK [2][-]{subsection.13.7.3}{\376\377\000F\000u\000t\000u\000r}{section.13.7}% 85
\BOOKMARK [0][-]{chapter.14}{\376\377\000M\000o\000d\000a\000l\000v\000e\000r\000b\000e\000n}{part.2}% 86
\BOOKMARK [1][-]{section.14.1}{\376\377\000\334\000b\000e\000r\000s\000i\000c\000h\000t\000\040\000d\000e\000r\000\040\000M\000o\000d\000a\000l\000v\000e\000r\000b\000e\000n}{chapter.14}% 87
\BOOKMARK [1][-]{section.14.2}{\376\377\000G\000r\000a\000m\000m\000a\000t\000i\000k\000\040\000a\000k\000t\000i\000v\000:\000\040\000M\000o\000d\000a\000l\000v\000e\000r\000b\000e\000n\000\040\000i\000m\000\040\000S\000a\000t\000z}{chapter.14}% 88
\BOOKMARK [1][-]{section.14.3}{\376\377\000S\000u\000b\000j\000e\000k\000t\000i\000v\000e\000\040\000B\000e\000d\000e\000u\000t\000u\000n\000g\000\040\000d\000e\000r\000\040\000M\000o\000d\000a\000l\000v\000e\000r\000b\000e\000n}{chapter.14}% 89
\BOOKMARK [2][-]{subsection.14.3.1}{\376\377\000W\000e\000i\000t\000e\000r\000g\000a\000b\000e\000\040\000v\000o\000n\000\040\000I\000n\000f\000o\000r\000m\000a\000t\000i\000o\000n\000e\000n\000\040\000\050\000s\000o\000l\000l\000e\000n\000/\000w\000o\000l\000l\000e\000n\000\051}{section.14.3}% 90
\BOOKMARK [2][-]{subsection.14.3.2}{\376\377\000A\000u\000s\000d\000r\000u\000c\000k\000\040\000e\000i\000n\000e\000r\000\040\000V\000e\000r\000m\000u\000t\000u\000n\000g}{section.14.3}% 91
\BOOKMARK [1][-]{section.14.4}{\376\377\000\334\000b\000u\000n\000g\000e\000n\000:\000\040\000S\000u\000b\000j\000e\000k\000t\000i\000v\000e\000\040\000M\000o\000d\000a\000l\000v\000e\000r\000b\000e\000n}{chapter.14}% 92
\BOOKMARK [1][-]{section.14.5}{\376\377\000K\000o\000n\000j\000u\000n\000k\000t\000i\000v\000\040\000I\000I\000\040\000F\000o\000r\000m\000e\000n\000\040\000d\000e\000r\000\040\000M\000o\000d\000a\000l\000v\000e\000r\000b\000e\000n}{chapter.14}% 93
\BOOKMARK [0][-]{chapter.15}{\376\377\000R\000e\000f\000l\000e\000x\000i\000v\000e\000\040\000V\000e\000r\000b\000e\000n}{part.2}% 94
\BOOKMARK [1][-]{section.15.1}{\376\377\000R\000e\000f\000l\000e\000x\000i\000v\000p\000r\000o\000n\000o\000m\000e\000n}{chapter.15}% 95
\BOOKMARK [1][-]{section.15.2}{\376\377\000A\000r\000t\000e\000n\000\040\000v\000o\000n\000\040\000R\000e\000f\000l\000e\000x\000i\000v\000v\000e\000r\000b\000e\000n}{chapter.15}% 96
\BOOKMARK [2][-]{subsection.15.2.1}{\376\377\000E\000c\000h\000t\000e\000\040\000R\000e\000f\000l\000e\000x\000i\000v\000v\000e\000r\000b\000e\000n}{section.15.2}% 97
\BOOKMARK [2][-]{subsection.15.2.2}{\376\377\000R\000e\000f\000l\000e\000x\000i\000v\000\040\000m\000i\000t\000\040\000D\000a\000t\000i\000v}{section.15.2}% 98
\BOOKMARK [2][-]{subsection.15.2.3}{\376\377\000R\000e\000z\000i\000p\000r\000o\000k\000e\000\040\000V\000e\000r\000b\000e\000n\000\040\000\050\000w\000e\000c\000h\000s\000e\000l\000s\000e\000i\000t\000i\000g\000\051}{section.15.2}% 99
\BOOKMARK [1][-]{section.15.3}{\376\377\000H\000\344\000u\000f\000i\000g\000e\000\040\000r\000e\000f\000l\000e\000x\000i\000v\000e\000\040\000V\000e\000r\000b\000e\000n}{chapter.15}% 100
\BOOKMARK [1][-]{section.15.4}{\376\377\000\334\000b\000u\000n\000g\000e\000n\000\040\000z\000u\000\040\000r\000e\000f\000l\000e\000x\000i\000v\000e\000n\000\040\000V\000e\000r\000b\000e\000n}{chapter.15}% 101
\BOOKMARK [1][-]{section.15.5}{\376\377\000G\000r\000a\000m\000m\000a\000t\000i\000k\000\040\000a\000k\000t\000i\000v\000:\000\040\000B\000e\000s\000o\000n\000d\000e\000r\000h\000e\000i\000t\000e\000n}{chapter.15}% 102
\BOOKMARK [-1][-]{part.3}{\376\377\000I\000I\000I\000\040\000B\0002\000-\000C\0001\000:\000\040\000F\000o\000r\000t\000g\000e\000s\000c\000h\000r\000i\000t\000t\000e\000n}{}% 103
\BOOKMARK [0][-]{chapter.16}{\376\377\000C\0001\000:\000\040\000P\000a\000r\000t\000i\000z\000i\000p\000i\000e\000n\000\040\000u\000n\000d\000\040\000i\000h\000r\000e\000\040\000V\000e\000r\000w\000e\000n\000d\000u\000n\000g}{part.3}% 104
\BOOKMARK [1][-]{section.16.1}{\376\377\000P\000a\000r\000t\000i\000z\000i\000p\000\040\000I\000\040\000\050\000P\000a\000r\000t\000i\000z\000i\000p\000\040\000P\000r\000\344\000s\000e\000n\000s\000\051}{chapter.16}% 105
\BOOKMARK [1][-]{section.16.2}{\376\377\000P\000a\000r\000t\000i\000z\000i\000p\000\040\000I\000I\000\040\000a\000l\000s\000\040\000A\000t\000t\000r\000i\000b\000u\000t}{chapter.16}% 106
\BOOKMARK [1][-]{section.16.3}{\376\377\000E\000r\000w\000e\000i\000t\000e\000r\000t\000e\000\040\000A\000t\000t\000r\000i\000b\000u\000t\000e}{chapter.16}% 107
\BOOKMARK [0][-]{chapter.17}{\376\377\000C\0001\000:\000\040\000K\000o\000n\000n\000e\000k\000t\000o\000r\000e\000n\000\040\000u\000n\000d\000\040\000D\000i\000s\000k\000u\000r\000s\000m\000a\000r\000k\000e\000r}{part.3}% 108
\BOOKMARK [1][-]{section.17.1}{\376\377\000A\000r\000g\000u\000m\000e\000n\000t\000a\000t\000i\000o\000n}{chapter.17}% 109
\BOOKMARK [1][-]{section.17.2}{\376\377\000T\000e\000x\000t\000k\000o\000h\000\344\000s\000i\000o\000n}{chapter.17}% 110
\BOOKMARK [0][-]{chapter.18}{\376\377\000C\0001\000:\000\040\000N\000o\000m\000i\000n\000a\000l\000i\000s\000i\000e\000r\000u\000n\000g\000\040\000u\000n\000d\000\040\000V\000e\000r\000b\000a\000l\000i\000s\000i\000e\000r\000u\000n\000g}{part.3}% 111
\BOOKMARK [1][-]{section.18.1}{\376\377\000N\000o\000m\000i\000n\000a\000l\000i\000s\000i\000e\000r\000u\000n\000g\000\040\000\050\000V\000e\000r\000b\000\040\000\040\000N\000o\000m\000e\000n\000\051}{chapter.18}% 112
\BOOKMARK [1][-]{section.18.2}{\376\377\000V\000e\000r\000b\000a\000l\000i\000s\000i\000e\000r\000u\000n\000g\000\040\000\050\000N\000o\000m\000e\000n\000\040\000\040\000V\000e\000r\000b\000\051}{chapter.18}% 113
\BOOKMARK [0][-]{chapter.19}{\376\377\000K\000o\000n\000j\000u\000n\000k\000t\000i\000v}{part.3}% 114
\BOOKMARK [1][-]{section.19.1}{\376\377\000K\000o\000n\000j\000u\000n\000k\000t\000i\000v\000\040\000I\000\040\040\023\000\040\000I\000n\000d\000i\000r\000e\000k\000t\000e\000\040\000R\000e\000d\000e}{chapter.19}% 115
\BOOKMARK [2][-]{subsection.19.1.1}{\376\377\000B\000i\000l\000d\000u\000n\000g}{section.19.1}% 116
\BOOKMARK [2][-]{subsection.19.1.2}{\376\377\000V\000e\000r\000w\000e\000n\000d\000u\000n\000g}{section.19.1}% 117
\BOOKMARK [1][-]{section.19.2}{\376\377\000K\000o\000n\000j\000u\000n\000k\000t\000i\000v\000\040\000I\000I\000\040\040\023\000\040\000I\000r\000r\000e\000a\000l\000e\000\040\000W\000\374\000n\000s\000c\000h\000e\000\040\000u\000n\000d\000\040\000H\000\366\000f\000l\000i\000c\000h\000k\000e\000i\000t}{chapter.19}% 118
\BOOKMARK [2][-]{subsection.19.2.1}{\376\377\000B\000i\000l\000d\000u\000n\000g}{section.19.2}% 119
\BOOKMARK [2][-]{subsection.19.2.2}{\376\377\000H\000\366\000f\000l\000i\000c\000h\000k\000e\000i\000t\000s\000f\000o\000r\000m}{section.19.2}% 120
\BOOKMARK [2][-]{subsection.19.2.3}{\376\377\000I\000r\000e\000a\000l\000e\000\040\000W\000\374\000n\000s\000c\000h\000e}{section.19.2}% 121
\BOOKMARK [2][-]{subsection.19.2.4}{\376\377\000I\000r\000e\000a\000l\000e\000\040\000B\000e\000d\000i\000n\000g\000u\000n\000g\000s\000s\000\344\000t\000z\000e}{section.19.2}% 122
\BOOKMARK [1][-]{section.19.3}{\376\377\000\334\000b\000u\000n\000g\000e\000n\000\040\000z\000u\000m\000\040\000K\000o\000n\000j\000u\000n\000k\000t\000i\000v}{chapter.19}% 123
\BOOKMARK [2][-]{subsection.19.3.1}{\376\377\000K\000o\000n\000j\000u\000n\000k\000t\000i\000v\000\040\000I}{section.19.3}% 124
\BOOKMARK [2][-]{subsection.19.3.2}{\376\377\000K\000o\000n\000j\000u\000n\000k\000t\000i\000v\000\040\000I\000I}{section.19.3}% 125
\BOOKMARK [0][-]{chapter.20}{\376\377\000F\000u\000n\000k\000t\000i\000o\000n\000s\000v\000e\000r\000b\000g\000e\000f\000\374\000g\000e\000\040\000\050\000F\000V\000G\000\051}{part.3}% 126
\BOOKMARK [1][-]{section.20.1}{\376\377\000H\000\344\000u\000f\000i\000g\000e\000\040\000F\000V\000G}{chapter.20}% 127
\BOOKMARK [1][-]{section.20.2}{\376\377\000\334\000b\000u\000n\000g\000e\000n\000\040\000z\000u\000\040\000F\000V\000G}{chapter.20}% 128
\BOOKMARK [1][-]{section.20.3}{\376\377\000S\000t\000i\000l\000i\000s\000t\000i\000s\000c\000h\000e\000\040\000H\000i\000n\000w\000e\000i\000s\000e}{chapter.20}% 129
\BOOKMARK [1][-]{section.20.4}{\376\377\000W\000e\000i\000t\000e\000r\000e\000\040\000r\000e\000f\000l\000e\000x\000i\000v\000e\000\040\000V\000e\000r\000b\000e\000n\000\040\000\050\000n\000a\000c\000h\000\040\000L\000i\000n\000g\000o\000l\000i\000a\000\051}{chapter.20}% 130
\BOOKMARK [1][-]{section.20.5}{\376\377\000R\000e\000f\000l\000e\000x\000i\000v\000e\000\040\000V\000e\000r\000b\000e\000n\000\040\000m\000i\000t\000\040\000f\000e\000s\000t\000e\000n\000\040\000P\000r\000\344\000p\000o\000s\000i\000t\000i\000o\000n\000e\000n}{chapter.20}% 131
\BOOKMARK [1][-]{section.20.6}{\376\377\000\334\000b\000u\000n\000g\000e\000n\000\040\000z\000u\000\040\000r\000e\000f\000l\000e\000x\000i\000v\000e\000n\000\040\000V\000e\000r\000b\000e\000n}{chapter.20}% 132
\BOOKMARK [0][-]{chapter.21}{\376\377\000V\000e\000r\000b\000s\000\040\000w\000i\000t\000h\000\040\000O\000b\000j\000e\000c\000t\000s\000:\000\040\000A\000k\000k\000u\000s\000a\000t\000i\000v\000,\000\040\000D\000a\000t\000i\000v\000,\000\040\000a\000n\000d\000\040\000T\000w\000o\000-\000W\000a\000y}{part.3}% 133
\BOOKMARK [1][-]{section.21.1}{\376\377\000V\000e\000r\000b\000s\000\040\000w\000i\000t\000h\000\040\000A\000k\000k\000u\000s\000a\000t\000i\000v\000\040\000\050\000A\000c\000c\000u\000s\000a\000t\000i\000v\000e\000\040\000V\000e\000r\000b\000s\000\051}{chapter.21}% 134
\BOOKMARK [1][-]{section.21.2}{\376\377\000V\000e\000r\000b\000s\000\040\000w\000i\000t\000h\000\040\000D\000a\000t\000i\000v\000\040\000\050\000D\000a\000t\000i\000v\000e\000\040\000V\000e\000r\000b\000s\000\051}{chapter.21}% 135
\BOOKMARK [1][-]{section.21.3}{\376\377\000V\000e\000r\000b\000s\000\040\000w\000i\000t\000h\000\040\000D\000a\000t\000i\000v\000\040\000a\000n\000d\000\040\000A\000k\000k\000u\000s\000a\000t\000i\000v\000\040\000\050\000T\000w\000o\000-\000W\000a\000y\000\040\000V\000e\000r\000b\000s\000\051}{chapter.21}% 136
\BOOKMARK [1][-]{section.21.4}{\376\377\000V\000e\000r\000b\000s\000\040\000w\000i\000t\000h\000\040\000G\000e\000n\000i\000t\000i\000v}{chapter.21}% 137
\BOOKMARK [0][-]{chapter.22}{\376\377\000S\000a\000t\000z\000b\000a\000u}{part.3}% 138
\BOOKMARK [1][-]{section.22.1}{\376\377\000D\000i\000e\000\040\000S\000a\000t\000z\000k\000l\000a\000m\000m\000e\000r}{chapter.22}% 139
\BOOKMARK [1][-]{section.22.2}{\376\377\000H\000a\000u\000p\000t\000s\000a\000t\000z\000-\000W\000o\000r\000t\000s\000t\000e\000l\000l\000u\000n\000g}{chapter.22}% 140
\BOOKMARK [1][-]{section.22.3}{\376\377\000N\000e\000b\000e\000n\000s\000a\000t\000z\000-\000W\000o\000r\000t\000s\000t\000e\000l\000l\000u\000n\000g}{chapter.22}% 141
\BOOKMARK [1][-]{section.22.4}{\376\377\000T\000r\000e\000n\000n\000b\000a\000r\000e\000\040\000V\000e\000r\000b\000e\000n}{chapter.22}% 142
\BOOKMARK [0][-]{chapter.23}{\376\377\000N\000e\000b\000e\000n\000s\000\344\000t\000z\000e}{part.3}% 143
\BOOKMARK [1][-]{section.23.1}{\376\377\000K\000o\000n\000j\000u\000n\000k\000t\000i\000o\000n\000e\000n\000\040\000m\000i\000t\000\040\000V\000e\000r\000b\000\040\000a\000m\000\040\000E\000n\000d\000e}{chapter.23}% 144
\BOOKMARK [2][-]{subsection.23.1.1}{\376\377\000K\000a\000u\000s\000a\000l\000\040\000\050\000U\000r\000s\000a\000c\000h\000e\000\051}{section.23.1}% 145
\BOOKMARK [2][-]{subsection.23.1.2}{\376\377\000K\000o\000n\000z\000e\000s\000s\000i\000v\000\040\000\050\000G\000e\000g\000e\000n\000s\000a\000t\000z\000\051}{section.23.1}% 146
\BOOKMARK [2][-]{subsection.23.1.3}{\376\377\000T\000e\000m\000p\000o\000r\000a\000l\000\040\000\050\000Z\000e\000i\000t\000\051}{section.23.1}% 147
\BOOKMARK [2][-]{subsection.23.1.4}{\376\377\000K\000o\000n\000d\000i\000t\000i\000o\000n\000a\000l\000\040\000\050\000B\000e\000d\000i\000n\000g\000u\000n\000g\000\051}{section.23.1}% 148
\BOOKMARK [2][-]{subsection.23.1.5}{\376\377\000F\000i\000n\000a\000l\000\040\000\050\000Z\000w\000e\000c\000k\000\051}{section.23.1}% 149
\BOOKMARK [1][-]{section.23.2}{\376\377\000\334\000b\000u\000n\000g\000e\000n\000\040\000z\000u\000\040\000K\000o\000n\000j\000u\000n\000k\000t\000i\000o\000n\000e\000n}{chapter.23}% 150
\BOOKMARK [2][-]{subsection.23.2.1}{\376\377\000K\000a\000u\000s\000a\000l}{section.23.2}% 151
\BOOKMARK [2][-]{subsection.23.2.2}{\376\377\000K\000o\000n\000z\000e\000s\000s\000i\000v}{section.23.2}% 152
\BOOKMARK [0][-]{chapter.24}{\376\377\000P\000a\000s\000s\000i\000v}{part.3}% 153
\BOOKMARK [1][-]{section.24.1}{\376\377\000V\000o\000r\000g\000a\000n\000g\000s\000p\000a\000s\000s\000i\000v}{chapter.24}% 154
\BOOKMARK [1][-]{section.24.2}{\376\377\000Z\000u\000s\000t\000a\000n\000d\000s\000p\000a\000s\000s\000i\000v}{chapter.24}% 155
\BOOKMARK [1][-]{section.24.3}{\376\377\000P\000a\000s\000s\000i\000v\000e\000r\000s\000a\000t\000z\000f\000o\000r\000m\000e\000n}{chapter.24}% 156
\BOOKMARK [2][-]{subsection.24.3.1}{\376\377\000m\000a\000n\000-\000K\000o\000n\000s\000t\000r\000u\000k\000t\000i\000o\000n}{section.24.3}% 157
\BOOKMARK [2][-]{subsection.24.3.2}{\376\377\000s\000e\000i\000n\000\040\000+\000\040\000z\000u\000\040\000+\000\040\000I\000n\000f\000i\000n\000i\000t\000i\000v}{section.24.3}% 158
\BOOKMARK [2][-]{subsection.24.3.3}{\376\377\000l\000a\000s\000s\000e\000n\000\040\000+\000\040\000s\000i\000c\000h}{section.24.3}% 159
\BOOKMARK [1][-]{section.24.4}{\376\377\000\334\000b\000u\000n\000g\000e\000n\000\040\000z\000u\000m\000\040\000P\000a\000s\000s\000i\000v}{chapter.24}% 160
\BOOKMARK [0][-]{chapter.25}{\376\377\000R\000e\000l\000a\000t\000i\000v\000s\000\344\000t\000z\000e}{part.3}% 161
\BOOKMARK [1][-]{section.25.1}{\376\377\000R\000e\000l\000a\000t\000i\000v\000p\000r\000o\000n\000o\000m\000e\000n}{chapter.25}% 162
\BOOKMARK [1][-]{section.25.2}{\376\377\000R\000e\000l\000a\000t\000i\000v\000p\000r\000o\000n\000o\000m\000e\000n\000\040\000m\000i\000t\000\040\000P\000r\000\344\000p\000o\000s\000i\000t\000i\000o\000n\000e\000n}{chapter.25}% 163
\BOOKMARK [1][-]{section.25.3}{\376\377\000\334\000b\000u\000n\000g\000e\000n\000\040\000z\000u\000\040\000R\000e\000l\000a\000t\000i\000v\000s\000\344\000t\000z\000e\000n}{chapter.25}% 164
\BOOKMARK [2][-]{subsection.25.3.1}{\376\377\000R\000e\000l\000a\000t\000i\000v\000p\000r\000o\000n\000o\000m\000e\000n\000\040\000\050\000N\000o\000m\000/\000A\000k\000k\000/\000D\000a\000t\000\051}{section.25.3}% 165
\BOOKMARK [2][-]{subsection.25.3.2}{\376\377\000R\000e\000l\000a\000t\000i\000v\000s\000\344\000t\000z\000e\000\040\000m\000i\000t\000\040\000P\000r\000\344\000p\000o\000s\000i\000t\000i\000o\000n\000e\000n}{section.25.3}% 166
\BOOKMARK [0][-]{chapter.26}{\376\377\000N\000o\000m\000i\000n\000a\000l\000s\000t\000i\000l}{part.3}% 167
\BOOKMARK [1][-]{section.26.1}{\376\377\000V\000e\000r\000b\000e\000n\000\040\000\040\000N\000o\000m\000e\000n}{chapter.26}% 168
\BOOKMARK [1][-]{section.26.2}{\376\377\000\334\000b\000u\000n\000g\000e\000n\000\040\000z\000u\000m\000\040\000N\000o\000m\000i\000n\000a\000l\000s\000t\000i\000l}{chapter.26}% 169
\BOOKMARK [1][-]{section.26.3}{\376\377\000S\000t\000i\000l\000i\000s\000t\000i\000s\000c\000h\000e\000\040\000H\000i\000n\000w\000e\000i\000s\000e}{chapter.26}% 170
\BOOKMARK [0][-]{chapter.27}{\376\377\000P\000r\000\344\000p\000o\000s\000i\000t\000i\000o\000n\000e\000n}{part.3}% 171
\BOOKMARK [1][-]{section.27.1}{\376\377\000W\000e\000c\000h\000s\000e\000l\000p\000r\000\344\000p\000o\000s\000i\000t\000i\000o\000n\000e\000n\000\040\000\050\000D\000u\000a\000l\000\040\000P\000r\000\344\000p\000o\000s\000i\000t\000i\000o\000n\000e\000n\000\051}{chapter.27}% 172
\BOOKMARK [1][-]{section.27.2}{\376\377\000\334\000b\000u\000n\000g\000e\000n\000\040\000z\000u\000\040\000W\000e\000c\000h\000s\000e\000l\000p\000r\000\344\000p\000o\000s\000i\000t\000i\000o\000n\000e\000n}{chapter.27}% 173
\BOOKMARK [1][-]{section.27.3}{\376\377\000R\000e\000i\000n\000e\000\040\000D\000a\000t\000i\000v\000-\000P\000r\000\344\000p\000o\000s\000i\000t\000i\000o\000n\000e\000n}{chapter.27}% 174
\BOOKMARK [1][-]{section.27.4}{\376\377\000R\000e\000i\000n\000e\000\040\000A\000k\000k\000u\000s\000a\000t\000i\000v\000-\000P\000r\000\344\000p\000o\000s\000i\000t\000i\000o\000n\000e\000n}{chapter.27}% 175
\BOOKMARK [1][-]{section.27.5}{\376\377\000G\000e\000n\000i\000t\000i\000v\000-\000P\000r\000\344\000p\000o\000s\000i\000t\000i\000o\000n\000e\000n}{chapter.27}% 176
\BOOKMARK [1][-]{section.27.6}{\376\377\000\334\000b\000u\000n\000g\000e\000n\000\040\000z\000u\000\040\000G\000e\000n\000i\000t\000i\000v\000-\000P\000r\000\344\000p\000o\000s\000i\000t\000i\000o\000n\000e\000n}{chapter.27}% 177
\BOOKMARK [1][-]{section.27.7}{\376\377\000F\000e\000s\000t\000e\000\040\000P\000r\000\344\000p\000o\000s\000i\000t\000i\000o\000n\000e\000n\000\040\000m\000i\000t\000\040\000f\000e\000s\000t\000e\000m\000\040\000K\000a\000s\000u\000s}{chapter.27}% 178
\BOOKMARK [0][-]{chapter.28}{\376\377\000A\000d\000j\000e\000k\000t\000i\000v\000e}{part.3}% 179
\BOOKMARK [1][-]{section.28.1}{\376\377\000D\000e\000k\000l\000i\000n\000a\000t\000i\000o\000n\000\040\000d\000e\000r\000\040\000A\000d\000j\000e\000k\000t\000i\000v\000e}{chapter.28}% 180
\BOOKMARK [2][-]{subsection.28.1.1}{\376\377\000S\000t\000a\000r\000k\000e\000\040\000D\000e\000k\000l\000i\000n\000a\000t\000i\000o\000n\000\040\000\050\000o\000h\000n\000e\000\040\000A\000r\000t\000i\000k\000e\000l\000\051}{section.28.1}% 181
\BOOKMARK [2][-]{subsection.28.1.2}{\376\377\000G\000e\000m\000i\000s\000c\000h\000t\000e\000\040\000D\000e\000k\000l\000i\000n\000a\000t\000i\000o\000n\000\040\000\050\000u\000n\000b\000e\000s\000t\000i\000m\000m\000t\000e\000r\000\040\000A\000r\000t\000i\000k\000e\000l\000\051}{section.28.1}% 182
\BOOKMARK [2][-]{subsection.28.1.3}{\376\377\000S\000c\000h\000w\000a\000c\000h\000e\000\040\000D\000e\000k\000l\000i\000n\000a\000t\000i\000o\000n\000\040\000\050\000b\000e\000s\000t\000i\000m\000m\000t\000e\000r\000\040\000A\000r\000t\000i\000k\000e\000l\000\051}{section.28.1}% 183
\BOOKMARK [1][-]{section.28.2}{\376\377\000S\000t\000e\000i\000g\000e\000r\000u\000n\000g\000\040\000\050\000K\000o\000m\000p\000a\000r\000a\000t\000i\000v\000,\000\040\000S\000u\000p\000e\000r\000l\000a\000t\000i\000v\000\051}{chapter.28}% 184
\BOOKMARK [2][-]{subsection.28.2.1}{\376\377\000R\000e\000g\000e\000l\000m\000\344\000\337\000i\000g\000e\000\040\000S\000t\000e\000i\000g\000e\000r\000u\000n\000g}{section.28.2}% 185
\BOOKMARK [2][-]{subsection.28.2.2}{\376\377\000U\000n\000r\000e\000g\000e\000l\000m\000\344\000\337\000i\000g\000e\000\040\000S\000t\000e\000i\000g\000e\000r\000u\000n\000g}{section.28.2}% 186
\BOOKMARK [1][-]{section.28.3}{\376\377\000A\000d\000j\000e\000k\000t\000i\000v\000\040\000v\000s\000.\000\040\000A\000d\000v\000e\000r\000b}{chapter.28}% 187
\BOOKMARK [1][-]{section.28.4}{\376\377\000\334\000b\000u\000n\000g\000e\000n\000\040\000z\000u\000\040\000A\000d\000j\000e\000k\000t\000i\000v\000e\000n}{chapter.28}% 188
\BOOKMARK [0][-]{chapter.29}{\376\377\000P\000a\000r\000t\000i\000k\000e\000l\000n}{part.3}% 189
\BOOKMARK [1][-]{section.29.1}{\376\377\000A\000b\000t\000\366\000n\000u\000n\000g\000s\000p\000a\000r\000t\000i\000k\000e\000l\000n\000\040\000\050\000M\000o\000d\000a\000l\000p\000a\000r\000t\000i\000k\000e\000l\000n\000\051}{chapter.29}% 190
\BOOKMARK [1][-]{section.29.2}{\376\377\000G\000r\000a\000d\000p\000a\000r\000t\000i\000k\000e\000l\000n}{chapter.29}% 191
\BOOKMARK [1][-]{section.29.3}{\376\377\000S\000t\000e\000i\000g\000e\000r\000u\000n\000g\000s\000p\000a\000r\000t\000i\000k\000e\000l\000n}{chapter.29}% 192
\BOOKMARK [1][-]{section.29.4}{\376\377\000n\000e\000g\000a\000t\000i\000o\000n\000s\000p\000a\000r\000t\000i\000k\000e\000l\000n}{chapter.29}% 193
\BOOKMARK [1][-]{section.29.5}{\376\377\000A\000n\000t\000w\000o\000r\000t\000p\000a\000r\000t\000i\000k\000e\000l\000n}{chapter.29}% 194
\BOOKMARK [1][-]{section.29.6}{\376\377\000\334\000b\000u\000n\000g\000e\000n\000\040\000z\000u\000\040\000P\000a\000r\000t\000i\000k\000e\000l\000n}{chapter.29}% 195
\BOOKMARK [0][-]{chapter.30}{\376\377\000W\000o\000r\000t\000s\000t\000e\000l\000l\000u\000n\000g}{part.3}% 196
\BOOKMARK [1][-]{section.30.1}{\376\377\000S\000t\000e\000l\000l\000u\000n\000g\000\040\000d\000e\000s\000\040\000S\000u\000b\000j\000e\000k\000t\000s}{chapter.30}% 197
\BOOKMARK [1][-]{section.30.2}{\376\377\000S\000t\000e\000l\000l\000u\000n\000g\000\040\000d\000e\000r\000\040\000N\000e\000g\000a\000t\000i\000o\000n}{chapter.30}% 198
\BOOKMARK [1][-]{section.30.3}{\376\377\000S\000t\000e\000l\000l\000u\000n\000g\000\040\000v\000o\000n\000\040\000A\000d\000v\000e\000r\000b\000i\000e\000n}{chapter.30}% 199
\BOOKMARK [1][-]{section.30.4}{\376\377\000I\000n\000v\000e\000r\000s\000i\000o\000n\000\040\000\050\000U\000m\000s\000t\000e\000l\000l\000u\000n\000g\000\051}{chapter.30}% 200
\BOOKMARK [0][-]{chapter.31}{\376\377\000H\000\344\000u\000f\000i\000g\000e\000\040\000F\000e\000h\000l\000e\000r\000\040\000u\000n\000d\000\040\000S\000t\000o\000l\000p\000e\000r\000s\000t\000e\000i\000n\000e}{part.3}% 201
\BOOKMARK [1][-]{section.31.1}{\376\377\000H\000\344\000u\000f\000i\000g\000e\000\040\000K\000a\000s\000u\000s\000-\000F\000e\000h\000l\000e\000r}{chapter.31}% 202
\BOOKMARK [1][-]{section.31.2}{\376\377\000H\000\344\000u\000f\000i\000g\000e\000\040\000P\000r\000\344\000p\000o\000s\000i\000t\000i\000o\000n\000e\000n\000-\000F\000e\000h\000l\000e\000r}{chapter.31}% 203
\BOOKMARK [1][-]{section.31.3}{\376\377\000H\000\344\000u\000f\000i\000g\000e\000\040\000V\000e\000r\000b\000-\000F\000e\000h\000l\000e\000r}{chapter.31}% 204
\BOOKMARK [1][-]{section.31.4}{\376\377\000H\000\344\000u\000f\000i\000g\000e\000\040\000A\000r\000t\000i\000k\000e\000l\000-\000F\000e\000h\000l\000e\000r}{chapter.31}% 205
\BOOKMARK [1][-]{section.31.5}{\376\377\000H\000\344\000u\000f\000i\000g\000e\000\040\000W\000o\000r\000t\000s\000t\000e\000l\000l\000u\000n\000g\000-\000F\000e\000h\000l\000e\000r}{chapter.31}% 206
\BOOKMARK [1][-]{section.31.6}{\376\377\000H\000\344\000u\000f\000i\000g\000e\000\040\000Z\000e\000i\000t\000e\000n\000-\000F\000e\000h\000l\000e\000r}{chapter.31}% 207
\BOOKMARK [1][-]{section.31.7}{\376\377\000\334\000b\000e\000r\000s\000i\000c\000h\000t\000:\000\040\000W\000i\000c\000h\000t\000i\000g\000e\000\040\000U\000n\000t\000e\000r\000s\000c\000h\000e\000i\000d\000u\000n\000g\000e\000n}{chapter.31}% 208
\BOOKMARK [-1][-]{part.4}{\376\377\000I\000V\000\040\000A\000n\000h\000a\000n\000g\000\040\000u\000n\000d\000\040\000R\000e\000f\000e\000r\000e\000n\000z}{}% 209
\BOOKMARK [0][-]{chapter.32}{\376\377\000A\000n\000h\000a\000n\000g\000:\000\040\000K\000o\000n\000j\000u\000g\000a\000t\000i\000o\000n\000s\000t\000a\000b\000e\000l\000l\000e\000n}{part.4}% 210
\BOOKMARK [1][-]{section.32.1}{\376\377\000V\000e\000r\000b\000k\000o\000n\000j\000u\000g\000a\000t\000i\000o\000n\000:\000\040\000P\000r\000\344\000s\000e\000n\000s}{chapter.32}% 211
\BOOKMARK [2][-]{subsection.32.1.1}{\376\377\000s\000c\000h\000w\000a\000c\000h\000e\000\040\000V\000e\000r\000b\000e\000n\000\040\000\050\000r\000e\000g\000e\000l\000m\000\344\000\337\000i\000g\000\051}{section.32.1}% 212
\BOOKMARK [2][-]{subsection.32.1.2}{\376\377\000s\000t\000a\000r\000k\000e\000\040\000V\000e\000r\000b\000e\000n\000\040\000\050\000u\000n\000r\000e\000g\000e\000l\000m\000\344\000\337\000i\000g\000\051}{section.32.1}% 213
\BOOKMARK [2][-]{subsection.32.1.3}{\376\377\000h\000a\000b\000e\000n}{section.32.1}% 214
\BOOKMARK [2][-]{subsection.32.1.4}{\376\377\000s\000e\000i\000n}{section.32.1}% 215
\BOOKMARK [2][-]{subsection.32.1.5}{\376\377\000w\000e\000r\000d\000e\000n}{section.32.1}% 216
\BOOKMARK [1][-]{section.32.2}{\376\377\000V\000e\000r\000b\000k\000o\000n\000j\000u\000g\000a\000t\000i\000o\000n\000:\000\040\000P\000r\000\344\000t\000e\000r\000i\000t\000u\000m}{chapter.32}% 217
\BOOKMARK [2][-]{subsection.32.2.1}{\376\377\000s\000c\000h\000w\000a\000c\000h\000e\000\040\000V\000e\000r\000b\000e\000n}{section.32.2}% 218
\BOOKMARK [2][-]{subsection.32.2.2}{\376\377\000s\000t\000a\000r\000k\000e\000\040\000V\000e\000r\000b\000e\000n}{section.32.2}% 219
\BOOKMARK [1][-]{section.32.3}{\376\377\000M\000o\000d\000a\000l\000v\000e\000r\000b\000e\000n\000:\000\040\000P\000r\000\344\000s\000e\000n\000s}{chapter.32}% 220
\BOOKMARK [1][-]{section.32.4}{\376\377\000M\000o\000d\000a\000l\000v\000e\000r\000b\000e\000n\000:\000\040\000P\000r\000\344\000t\000e\000r\000i\000t\000u\000m}{chapter.32}% 221
\BOOKMARK [1][-]{section.32.5}{\376\377\000M\000o\000d\000a\000l\000v\000e\000r\000b\000e\000n\000:\000\040\000K\000o\000n\000j\000u\000n\000k\000t\000i\000v\000\040\000I\000I}{chapter.32}% 222
\BOOKMARK [1][-]{section.32.6}{\376\377\000P\000e\000r\000f\000e\000k\000t\000:\000\040\000H\000i\000l\000f\000s\000v\000e\000r\000b\000e\000n}{chapter.32}% 223
\BOOKMARK [1][-]{section.32.7}{\376\377\000K\000o\000n\000j\000u\000n\000k\000t\000i\000v\000\040\000I\000:\000\040\000s\000e\000i\000n}{chapter.32}% 224
\BOOKMARK [1][-]{section.32.8}{\376\377\000K\000o\000n\000j\000u\000n\000k\000t\000i\000v\000\040\000I\000:\000\040\000h\000a\000b\000e\000n}{chapter.32}% 225
\BOOKMARK [1][-]{section.32.9}{\376\377\000K\000o\000n\000j\000u\000n\000k\000t\000i\000v\000\040\000I\000:\000\040\000w\000e\000r\000d\000e\000n}{chapter.32}% 226
\BOOKMARK [1][-]{section.32.10}{\376\377\000K\000o\000n\000j\000u\000n\000k\000t\000i\000v\000\040\000I\000I\000:\000\040\000w\000\344\000r\000e}{chapter.32}% 227
\BOOKMARK [1][-]{section.32.11}{\376\377\000K\000o\000n\000j\000u\000n\000k\000t\000i\000v\000\040\000I\000I\000:\000\040\000h\000\344\000t\000t\000e}{chapter.32}% 228
\BOOKMARK [1][-]{section.32.12}{\376\377\000\040\000I\000m\000p\000e\000r\000a\000t\000i\000v}{chapter.32}% 229
\BOOKMARK [1][-]{section.32.13}{\376\377\000T\000r\000e\000n\000n\000b\000a\000r\000e\000\040\000V\000e\000r\000b\000e\000n\000:\000\040\000P\000r\000\344\000s\000e\000n\000s}{chapter.32}% 230
\BOOKMARK [1][-]{section.32.14}{\376\377\000U\000n\000t\000r\000e\000n\000n\000b\000a\000r\000e\000\040\000V\000e\000r\000b\000e\000n\000:\000\040\000P\000r\000\344\000s\000e\000n\000s}{chapter.32}% 231
\BOOKMARK [1][-]{section.32.15}{\376\377\000W\000i\000c\000h\000t\000i\000g\000e\000\040\000u\000n\000r\000e\000g\000e\000l\000m\000\344\000\337\000i\000g\000e\000\040\000V\000e\000r\000b\000e\000n}{chapter.32}% 232
\BOOKMARK [1][-]{section.32.16}{\376\377\000A\000r\000t\000i\000k\000e\000l\000-\000D\000e\000k\000l\000i\000n\000a\000t\000i\000o\000n}{chapter.32}% 233
\BOOKMARK [2][-]{subsection.32.16.1}{\376\377\000B\000e\000s\000t\000i\000m\000m\000t}{section.32.16}% 234
\BOOKMARK [2][-]{subsection.32.16.2}{\376\377\000U\000n\000b\000e\000s\000t\000i\000m\000m\000t}{section.32.16}% 235
\BOOKMARK [1][-]{section.32.17}{\376\377\000A\000d\000j\000e\000k\000t\000i\000v\000-\000D\000e\000k\000l\000i\000n\000a\000t\000i\000o\000n}{chapter.32}% 236
\BOOKMARK [2][-]{subsection.32.17.1}{\376\377\000M\000i\000t\000\040\000b\000e\000s\000t\000i\000m\000m\000t\000e\000m\000\040\000A\000r\000t\000i\000k\000e\000l}{section.32.17}% 237
\BOOKMARK [2][-]{subsection.32.17.2}{\376\377\000M\000i\000t\000\040\000u\000n\000b\000e\000s\000t\000i\000m\000m\000t\000e\000m\000\040\000A\000r\000t\000i\000k\000e\000l}{section.32.17}% 238
\BOOKMARK [1][-]{section.32.18}{\376\377\000R\000e\000l\000a\000t\000i\000v\000p\000r\000o\000n\000o\000m\000e\000n\000\040\000\050\000A\000n\000h\000a\000n\000g\000\051}{chapter.32}% 239
\BOOKMARK [1][-]{section.32.19}{\376\377\000F\000r\000a\000g\000e\000p\000r\000o\000n\000o\000m\000e\000n}{chapter.32}% 240
\BOOKMARK [1][-]{section.32.20}{\376\377\000W\000e\000c\000h\000s\000e\000l\000p\000r\000\344\000p\000o\000s\000i\000t\000i\000o\000n\000e\000n}{chapter.32}% 241
\BOOKMARK [1][-]{section.32.21}{\376\377\000\334\000b\000e\000r\000s\000i\000c\000h\000t\000:\000\040\000P\000r\000\344\000p\000o\000s\000i\000t\000i\000o\000n\000e\000n\000\040\000n\000a\000c\000h\000\040\000K\000a\000s\000u\000s}{chapter.32}% 242
\BOOKMARK [2][-]{subsection.32.21.1}{\376\377\000D\000a\000t\000i\000v\000-\000P\000r\000\344\000p\000o\000s\000i\000t\000i\000o\000n\000e\000n}{section.32.21}% 243
\BOOKMARK [2][-]{subsection.32.21.2}{\376\377\000A\000k\000k\000u\000s\000a\000t\000i\000v\000-\000P\000r\000\344\000p\000o\000s\000i\000t\000i\000o\000n\000e\000n}{section.32.21}% 244
\BOOKMARK [2][-]{subsection.32.21.3}{\376\377\000G\000e\000n\000i\000t\000i\000v\000-\000P\000r\000\344\000p\000o\000s\000i\000t\000i\000o\000n\000e\000n}{section.32.21}% 245
\BOOKMARK [1][-]{section.32.22}{\376\377\000R\000e\000f\000l\000e\000x\000i\000v\000e\000\040\000V\000e\000r\000b\000e\000n\000\040\000m\000i\000t\000\040\000P\000r\000\344\000p\000o\000s\000i\000t\000i\000o\000n\000e\000n\000\040\000\050\000s\000i\000c\000h\000\040\000+\000\040\000P\000r\000\344\000p\000o\000s\000i\000t\000i\000o\000n\000\051}{chapter.32}% 246
\BOOKMARK [2][-]{subsection.32.22.1}{\376\377\000s\000i\000c\000h\000\040\000a\000n\000.\000.\000.\000\040\000g\000e\000w\000\366\000h\000n\000e\000n}{section.32.22}% 247
\BOOKMARK [2][-]{subsection.32.22.2}{\376\377\000s\000i\000c\000h\000\040\000a\000u\000f\000.\000.\000.\000\040\000f\000r\000e\000u\000e\000n}{section.32.22}% 248
\BOOKMARK [2][-]{subsection.32.22.3}{\376\377\000s\000i\000c\000h\000\040\000a\000u\000f\000.\000.\000.\000\040\000v\000o\000r\000b\000e\000r\000e\000i\000t\000e\000n}{section.32.22}% 249
\BOOKMARK [2][-]{subsection.32.22.4}{\376\377\000s\000i\000c\000h\000\040\000\374\000b\000e\000r\000.\000.\000.\000\040\000\344\000r\000g\000e\000r\000n}{section.32.22}% 250
\BOOKMARK [2][-]{subsection.32.22.5}{\376\377\000s\000i\000c\000h\000\040\000\374\000b\000e\000r\000.\000.\000.\000\040\000i\000n\000f\000o\000r\000m\000i\000e\000r\000e\000n}{section.32.22}% 251
\BOOKMARK [1][-]{section.32.23}{\376\377\000N\000o\000m\000e\000n\000:\000\040\000A\000r\000t\000i\000k\000e\000l\000\040\000u\000n\000d\000\040\000P\000l\000u\000r\000a\000l}{chapter.32}% 252
\BOOKMARK [2][-]{subsection.32.23.1}{\376\377\000M\000a\000s\000k\000u\000l\000i\000n\000\040\000\050\000d\000e\000r\000\051}{section.32.23}% 253
\BOOKMARK [2][-]{subsection.32.23.2}{\376\377\000F\000e\000m\000i\000n\000i\000n\000\040\000\050\000d\000i\000e\000\051}{section.32.23}% 254
\BOOKMARK [2][-]{subsection.32.23.3}{\376\377\000N\000e\000u\000t\000r\000a\000l\000\040\000\050\000d\000a\000s\000\051}{section.32.23}% 255
\BOOKMARK [1][-]{section.32.24}{\376\377\000N\000\374\000t\000z\000l\000i\000c\000h\000e\000\040\000S\000\344\000t\000z\000e\000\040\000f\000\374\000r\000\040\000M\000e\000i\000n\000u\000n\000g\000e\000n\000\040\000u\000n\000d\000\040\000O\000p\000t\000i\000o\000n\000e\000n}{chapter.32}% 256
\BOOKMARK [2][-]{subsection.32.24.1}{\376\377\000M\000e\000i\000n\000u\000n\000g\000e\000n\000\040\000a\000u\000s\000d\000r\000\374\000c\000k\000e\000n}{section.32.24}% 257
\BOOKMARK [2][-]{subsection.32.24.2}{\376\377\000O\000p\000t\000i\000o\000n\000e\000n\000\040\000u\000n\000d\000\040\000A\000l\000t\000e\000r\000n\000a\000t\000i\000v\000e\000n\000\040\000v\000o\000r\000s\000c\000h\000l\000a\000g\000e\000n}{section.32.24}% 258
\BOOKMARK [2][-]{subsection.32.24.3}{\376\377\000Z\000u\000s\000t\000i\000m\000m\000e\000n\000\040\000u\000n\000d\000\040\000W\000i\000d\000e\000r\000s\000p\000r\000e\000c\000h\000e\000n}{section.32.24}% 259
\BOOKMARK [1][-]{section.32.25}{\376\377\000W\000i\000c\000h\000t\000i\000g\000e\000\040\000W\000o\000r\000t\000v\000e\000r\000b\000i\000n\000d\000u\000n\000g\000e\000n}{chapter.32}% 260
\BOOKMARK [2][-]{subsection.32.25.1}{\376\377\000N\000o\000m\000e\000n\000\040\000+\000\040\000P\000r\000\344\000p\000o\000s\000i\000t\000i\000o\000n}{section.32.25}% 261
\BOOKMARK [2][-]{subsection.32.25.2}{\376\377\000A\000d\000j\000e\000k\000t\000i\000v\000\040\000+\000\040\000P\000r\000\344\000p\000o\000s\000i\000t\000i\000o\000n}{section.32.25}% 262
\BOOKMARK [0][-]{chapter.33}{\376\377\000U\000s\000e\000f\000u\000l\000\040\000E\000x\000p\000r\000e\000s\000s\000i\000o\000n\000s\000:\000\040\000O\000p\000i\000n\000i\000o\000n\000s\000,\000\040\000O\000p\000t\000i\000o\000n\000s\000,\000\040\000a\000n\000d\000\040\000A\000r\000g\000u\000m\000e\000n\000t\000s}{part.4}% 263
\BOOKMARK [1][-]{section.33.1}{\376\377\000E\000x\000p\000r\000e\000s\000s\000i\000n\000g\000\040\000O\000p\000i\000n\000i\000o\000n\000s\000\040\000-\000\040\000M\000e\000i\000n\000u\000n\000g\000e\000n\000\040\000\344\000u\000\337\000e\000r\000n}{chapter.33}% 264
\BOOKMARK [1][-]{section.33.2}{\376\377\000A\000g\000r\000e\000e\000i\000n\000g\000\040\000-\000\040\000Z\000u\000s\000t\000i\000m\000m\000e\000n}{chapter.33}% 265
\BOOKMARK [1][-]{section.33.3}{\376\377\000D\000i\000s\000a\000g\000r\000e\000e\000i\000n\000g\000\040\000-\000\040\000W\000i\000d\000e\000r\000s\000p\000r\000e\000c\000h\000e\000n}{chapter.33}% 266
\BOOKMARK [1][-]{section.33.4}{\376\377\000E\000x\000p\000r\000e\000s\000s\000i\000n\000g\000\040\000O\000p\000t\000i\000o\000n\000s\000\040\000-\000\040\000O\000p\000t\000i\000o\000n\000e\000n\000\040\000z\000e\000i\000g\000e\000n}{chapter.33}% 267
\BOOKMARK [1][-]{section.33.5}{\376\377\000R\000e\000a\000s\000o\000n\000\040\000a\000n\000d\000\040\000C\000a\000u\000s\000e\000\040\000-\000\040\000B\000e\000g\000r\000\374\000n\000d\000u\000n\000g}{chapter.33}% 268
\BOOKMARK [1][-]{section.33.6}{\376\377\000C\000o\000n\000t\000r\000a\000s\000t\000\040\000a\000n\000d\000\040\000C\000o\000n\000c\000e\000s\000s\000i\000o\000n\000\040\000-\000\040\000G\000e\000g\000e\000n\000s\000a\000t\000z}{chapter.33}% 269
\BOOKMARK [1][-]{section.33.7}{\376\377\000T\000i\000m\000e\000\040\000E\000x\000p\000r\000e\000s\000s\000i\000o\000n\000s\000\040\000-\000\040\000Z\000e\000i\000t\000a\000n\000g\000a\000b\000e\000n}{chapter.33}% 270
\BOOKMARK [1][-]{section.33.8}{\376\377\000A\000d\000d\000i\000n\000g\000\040\000I\000n\000f\000o\000r\000m\000a\000t\000i\000o\000n\000\040\000-\000\040\000I\000n\000f\000o\000r\000m\000a\000t\000i\000o\000n\000e\000n\000\040\000h\000i\000n\000z\000u\000f\000\374\000g\000e\000n}{chapter.33}% 271
\BOOKMARK [1][-]{section.33.9}{\376\377\000C\000o\000n\000s\000e\000q\000u\000e\000n\000c\000e\000s\000\040\000a\000n\000d\000\040\000R\000e\000s\000u\000l\000t\000s\000\040\000-\000\040\000F\000o\000l\000g\000e\000n\000\040\000u\000n\000d\000\040\000E\000r\000g\000e\000b\000n\000i\000s\000s\000e}{chapter.33}% 272
\BOOKMARK [1][-]{section.33.10}{\376\377\000E\000x\000p\000r\000e\000s\000s\000i\000n\000g\000\040\000C\000e\000r\000t\000a\000i\000n\000t\000y\000/\000U\000n\000c\000e\000r\000t\000a\000i\000n\000t\000y\000\040\000-\000\040\000G\000e\000w\000i\000s\000s\000h\000e\000i\000t\000/\000U\000n\000s\000i\000c\000h\000e\000r\000h\000e\000i\000t}{chapter.33}% 273
\BOOKMARK [0][-]{chapter.34}{\376\377\000C\000o\000m\000p\000l\000e\000t\000e\000\040\000N\000o\000u\000n\000\040\000G\000u\000i\000d\000e\000:\000\040\000d\000e\000r\000,\000\040\000d\000i\000e\000,\000\040\000d\000a\000s}{part.4}% 274
\BOOKMARK [1][-]{section.34.1}{\376\377\000M\000a\000s\000k\000u\000l\000i\000n\000\040\000-\000\040\000d\000e\000r\000\040\000\050\000m\000\051}{chapter.34}% 275
\BOOKMARK [1][-]{section.34.2}{\376\377\000F\000e\000m\000i\000n\000i\000n\000\040\000-\000\040\000d\000i\000e\000\040\000\050\000f\000\051}{chapter.34}% 276
\BOOKMARK [1][-]{section.34.3}{\376\377\000N\000e\000u\000t\000r\000a\000l\000\040\000-\000\040\000d\000a\000s\000\040\000\050\000n\000\051}{chapter.34}% 277
\BOOKMARK [1][-]{section.34.4}{\376\377\000I\000m\000p\000o\000r\000t\000a\000n\000t\000\040\000I\000r\000r\000e\000g\000u\000l\000a\000r\000\040\000P\000l\000u\000r\000a\000l\000s}{chapter.34}% 278
